Flutter crash report.
Please report a bug at https://github.com/flutter/flutter/issues.

## command

flutter run

## exception

ExistingDartDevelopmentServiceException: DartDevelopmentServiceException: JSON-RPC error 100: Existing VM service clients prevent DDS from taking control.

```
```

## flutter doctor

```
[32m[✓][39m Flutter (Channel stable, 3.35.1, on Microsoft
    Windows [Version 10.0.26100.7462], locale en-BB)
    [927ms]
    [32m•[39m Flutter version 3.35.1 on channel stable at
      D:\src\flutter
    [32m•[39m Upstream repository
      https://github.com/flutter/flutter.git
    [32m•[39m Framework revision 20f8274939 (4 months ago),
      2025-08-14 10:53:09 -0700
    [32m•[39m Engine revision 1e9a811bf8
    [32m•[39m Dart version 3.9.0
    [32m•[39m DevTools version 2.48.0
    [32m•[39m Feature flags: enable-web,
      enable-linux-desktop, enable-macos-desktop,
      enable-windows-desktop, enable-android,
      enable-ios, cli-animations,
      enable-lldb-debugging

[32m[✓][39m Windows Version (Windows 11 or higher, 24H2,
    2009) [3.1s]

[32m[✓][39m Android toolchain - develop for Android devices (Android SDK version 36.1.0-rc1) [15.8s]
    [32m•[39m Android SDK at C:\Users\asus\AppData\Local\Android\Sdk
    [32m•[39m Emulator version 36.1.9.0 (build_id 13823996) (CL:N/A)
    [32m•[39m Platform android-36, build-tools 36.1.0-rc1
    [32m•[39m Java binary at: D:\AndroidStudio\jbr\bin\java
      This is the JDK bundled with the latest Android Studio installation on this machine.
      To manually set the JDK path, use: `flutter config --jdk-dir="path/to/jdk"`.
    [32m•[39m Java version OpenJDK Runtime Environment (build 21.0.6+-13391695-b895.109)
    [32m•[39m All Android licenses accepted.

[32m[✓][39m Chrome - develop for the web [394ms]
    [32m•[39m Chrome at C:\Program Files\Google\Chrome\Application\chrome.exe

[32m[✓][39m Visual Studio - develop Windows apps (Visual Studio Community 2022 17.14.13 (August 2025)) [392ms]
    [32m•[39m Visual Studio at C:\Program Files\Microsoft Visual Studio\2022\Community
    [32m•[39m Visual Studio Community 2022 version 17.14.36414.22
    [32m•[39m Windows 10 SDK version 10.0.26100.0

[32m[✓][39m Android Studio (version 2025.1.2) [18ms]
    [32m•[39m Android Studio at D:\AndroidStudio
    [32m•[39m Flutter plugin can be installed from:
      🔨 https://plugins.jetbrains.com/plugin/9212-flutter
    [32m•[39m Dart plugin can be installed from:
      🔨 https://plugins.jetbrains.com/plugin/6351-dart
    [32m•[39m Java version OpenJDK Runtime Environment (build 21.0.6+-13391695-b895.109)

[32m[✓][39m VS Code (version 1.107.0) [14ms]
    [32m•[39m VS Code at C:\Users\asus\AppData\Local\Programs\Microsoft VS Code
    [32m•[39m Flutter extension version 3.124.0

[32m[✓][39m Connected device (3 available) [309ms]
    [32m•[39m Windows (desktop) • windows • windows-x64    • Microsoft Windows [Version 10.0.26100.7462]
    [32m•[39m Chrome (web)      • chrome  • web-javascript • Google Chrome 143.0.7499.40
    [32m•[39m Edge (web)        • edge    • web-javascript • Microsoft Edge 143.0.3650.80

[32m[✓][39m Network resources [615ms]
    [32m•[39m All expected network resources are available.

[32m•[39m No issues found!
```
